Traceback (most recent call last):
  File "D:\mypython_projects\ihust\.venv\Lib\site-packages\jupyter_cache\executors\utils.py", line 58, in single_nb_execution
    executenb(
  File "D:\mypython_projects\ihust\.venv\Lib\site-packages\nbclient\client.py", line 1319, in execute
    return NotebookClient(nb=nb, resources=resources, km=km, **kwargs).execute()
           ^^^^^^^^^^^^^^^^^^^^^^^^^^^^^^^^^^^^^^^^^^^^^^^^^^^^^^^^^^^^^^^^^^^^^
  File "D:\mypython_projects\ihust\.venv\Lib\site-packages\jupyter_core\utils\__init__.py", line 165, in wrapped
    return loop.run_until_complete(inner)
           ^^^^^^^^^^^^^^^^^^^^^^^^^^^^^^
  File "C:\Users\panagop\AppData\Roaming\uv\python\cpython-3.12.9-windows-x86_64-none\Lib\asyncio\base_events.py", line 691, in run_until_complete
    return future.result()
           ^^^^^^^^^^^^^^^
  File "D:\mypython_projects\ihust\.venv\Lib\site-packages\nbclient\client.py", line 709, in async_execute
    await self.async_execute_cell(
  File "D:\mypython_projects\ihust\.venv\Lib\site-packages\nbclient\client.py", line 1062, in async_execute_cell
    await self._check_raise_for_error(cell, cell_index, exec_reply)
  File "D:\mypython_projects\ihust\.venv\Lib\site-packages\nbclient\client.py", line 918, in _check_raise_for_error
    raise CellExecutionError.from_cell_and_msg(cell, exec_reply_content)
nbclient.exceptions.CellExecutionError: An error occurred while executing the following cell:
------------------
print('Î”Î¹Î±ÏƒÏ„Î¬ÏƒÎµÎ¹Ï‚ Ï†Î¿ÏÎ­Î±')
print(f'L = {L:.2f}m')
print(f'H_Î¹ÏƒÎ¿Î³ = {H_is:.2f}m')
print(f'H_Î¿Ï = {H_or:.2f}m')
print('')
print('Î”Î¹Î±ÏƒÏ„Î¬ÏƒÎµÎ¹Ï‚ Î´Î¿ÎºÏŽÎ½')
print(f'Î”Î¿ÎºÎ¿Î¯ Î¹ÏƒÎ¿Î³ÎµÎ¯Î¿Ï…: b = {bw:.2f}m   h={h_is:.2f}m')
print(f'Î”Î¿ÎºÎ¿Î¯ Î¿ÏÏŒÏ†Ï‰Î½:   b = {bw:.2f}m   h={h_or:.2f}m')
print('')
print('Î”Î¹Î±ÏƒÏ„Î¬ÏƒÎµÎ¹Ï‚ ÏƒÏ„ÏÎ»Ï‰Î½')
print(f'Î£Ï„ÏÎ»Î¿Î¹ Î¹ÏƒÎ¿Î³ÎµÎ¯Î¿Ï…: b = {bc_is:.2f}m   h={bc_is:.2f}m')
print(f'Î£Ï„ÏÎ»Î¿Î¹ Î¿ÏÏŒÏ†Ï‰Î½:   b = {bc_or:.2f}m   h={bc_or:.2f}m')
print('')
print('Î¥Î»Î¹ÎºÎ¬')
print('Î£ÎºÏ…ÏÏŒÎ´ÎµÎ¼Î±')
print(f'fcm = {fcm:.2f}MPa   Ecm={Ecm:.1f}GPa')
print('')
print('Î§Î¬Î»Ï…Î²Î±Ï‚')
print(f'fy = {fy:.2f}MPa')
print(f'fu = {fu:.2f}MPa')
print(f'fye = {fye:.2f}MPa')
print(f'fue = {fue:.2f}MPa')
print('')
print('Î¦Î¿ÏÏ„Î¯Î± Î´Î¿ÎºÏŽÎ½')
print(f'g = {g:.2f}kN/m   q={q:.2f}kN/m')
print('')
print('ÎœÎ¬Î¶ÎµÏ‚')
print(f'm = {mass:.2f}t (Î¯ÏƒÎ· ÏƒÎµ ÏŒÎ»Î¿Ï…Ï‚ Ï„Î¿Ï…Ï‚ Î¿ÏÏŒÏ†Î¿Ï…Ï‚)')
print('')
# print('Î”ÎµÎ´Î¿Î¼Î­Î½Î± Ï†Î¬ÏƒÎ¼Î±Ï„Î¿Ï‚ ÏƒÏ‡ÎµÎ´Î¹Î±ÏƒÎ¼Î¿Ï')
# print(f'Î³I = {Î³I:.2f} Î³Î¹Î± ÎºÎ±Ï„Î·Î³Î¿ÏÎ¯Î± ÏƒÏ€Î¿Ï…Î´Î±Î¹ÏŒÏ„Î·Ï„Î±Ï‚ {importance}')
# print(f'agR = {agR:.3f}g = {agR*9.81:.3f}m/sec2')
# print(f'ag = {ag:.3f}g = {ag*9.81:.3f}m/sec2')
# print(f'ÎšÎ±Ï„Î·Î³Î¿ÏÎ¯Î± Ï€Î»Î±ÏƒÏ„Î¹Î¼ÏŒÏ„Î·Ï„Î±Ï‚ = DC{ductility_class}')
# print(f'ÎšÎ±Ï„Î·Î³Î¿ÏÎ¯Î± ÎµÎ´Î¬Ï†Î¿Ï…Ï‚: {ground_type}')
# print(f'TB = {specEC8.TB:.2f}sec')
# print(f'TC = {specEC8.TC:.2f}sec')
# print(f'TD = {specEC8.TD:.2f}sec')
# print(f'S = {specEC8.S:.2f}sec')
# print(f'Î£Ï…Î½Ï„ÎµÎ»ÎµÏƒÏ„Î®Ï‚ ÏƒÏ…Î¼Ï€ÎµÏÎ¹Ï†Î¿ÏÎ¬Ï‚ q = {specEC8.q:.2f}')

------------------

----- stdout -----
Î”Î¹Î±ÏƒÏ„Î¬ÏƒÎµÎ¹Ï‚ Ï†Î¿ÏÎ­Î±
L = 6.15m
H_Î¹ÏƒÎ¿Î³ = 4.10m
H_Î¿Ï = 3.10m

Î”Î¹Î±ÏƒÏ„Î¬ÏƒÎµÎ¹Ï‚ Î´Î¿ÎºÏŽÎ½
Î”Î¿ÎºÎ¿Î¯ Î¹ÏƒÎ¿Î³ÎµÎ¯Î¿Ï…: b = 0.25m   h=0.70m
Î”Î¿ÎºÎ¿Î¯ Î¿ÏÏŒÏ†Ï‰Î½:   b = 0.25m   h=0.60m

Î”Î¹Î±ÏƒÏ„Î¬ÏƒÎµÎ¹Ï‚ ÏƒÏ„ÏÎ»Ï‰Î½
Î£Ï„ÏÎ»Î¿Î¹ Î¹ÏƒÎ¿Î³ÎµÎ¯Î¿Ï…: b = 0.40m   h=0.40m
Î£Ï„ÏÎ»Î¿Î¹ Î¿ÏÏŒÏ†Ï‰Î½:   b = 0.35m   h=0.35m

Î¥Î»Î¹ÎºÎ¬
Î£ÎºÏ…ÏÏŒÎ´ÎµÎ¼Î±
fcm = 21.90MPa   Ecm=27.8GPa

Î§Î¬Î»Ï…Î²Î±Ï‚
------------------

[31m---------------------------------------------------------------------------[39m
[31mNameError[39m                                 Traceback (most recent call last)
[36mCell[39m[36m [39m[32mIn[5][39m[32m, line 19[39m
[32m     17[39m [38;5;28mprint[39m([33m'[39m[33m'[39m)
[32m     18[39m [38;5;28mprint[39m([33m'[39m[33mÎ§Î¬Î»Ï…Î²Î±Ï‚[39m[33m'[39m)
[32m---> [39m[32m19[39m [38;5;28mprint[39m([33mf[39m[33m'[39m[33mfy = [39m[38;5;132;01m{[39;00m[43mfy[49m[38;5;132;01m:[39;00m[33m.2f[39m[38;5;132;01m}[39;00m[33mMPa[39m[33m'[39m)
[32m     20[39m [38;5;28mprint[39m([33mf[39m[33m'[39m[33mfu = [39m[38;5;132;01m{[39;00mfu[38;5;132;01m:[39;00m[33m.2f[39m[38;5;132;01m}[39;00m[33mMPa[39m[33m'[39m)
[32m     21[39m [38;5;28mprint[39m([33mf[39m[33m'[39m[33mfye = [39m[38;5;132;01m{[39;00mfye[38;5;132;01m:[39;00m[33m.2f[39m[38;5;132;01m}[39;00m[33mMPa[39m[33m'[39m)

[31mNameError[39m: name 'fy' is not defined

